  main.cpp
C:\Users\aleks\source\repos\Graph\Graph\Graph.h(94,3): warning C4390: ';': empty controlled statement found; is this the intent?
C:\Users\aleks\source\repos\Graph\Graph\Graph.h(92): message : while compiling class template member function 'void Graph<std::string,int>::DFS(size_t,GBaseAlgorithm<std::string,int> &)'
C:\Users\aleks\source\repos\Graph\Graph\GraphAlgorithms.h(20): message : see reference to function template instantiation 'void Graph<std::string,int>::DFS(size_t,GBaseAlgorithm<std::string,int> &)' being compiled
C:\Users\aleks\source\repos\Graph\Graph\Graph.h(50): message : while compiling class template member function 'Graph<std::string,int>::Graph(std::initializer_list<_Ty>)'
          with
          [
              _Ty=std::string
          ]
C:\Users\aleks\source\repos\Graph\Graph\main.cpp(21): message : see reference to function template instantiation 'Graph<std::string,int>::Graph(std::initializer_list<_Ty>)' being compiled
          with
          [
              _Ty=std::string
          ]
C:\Users\aleks\source\repos\Graph\Graph\main.cpp(21): message : see reference to class template instantiation 'Graph<std::string,int>' being compiled
C:\Users\aleks\source\repos\Graph\Graph\GBaseAlgorithm.h(52,4): warning C4390: ';': empty controlled statement found; is this the intent?
C:\Users\aleks\source\repos\Graph\Graph\GBaseAlgorithm.h(50): message : while compiling class template member function 'bool GBaseAlgorithm<std::string,int>::is_visited(const size_t) const'
C:\Users\aleks\source\repos\Graph\Graph\Graph.h(103): message : see reference to function template instantiation 'bool GBaseAlgorithm<std::string,int>::is_visited(const size_t) const' being compiled
C:\Users\aleks\source\repos\Graph\Graph\main.cpp(8): message : see reference to class template instantiation 'GBaseAlgorithm<std::string,int>' being compiled
  Graph.vcxproj -> C:\Users\aleks\source\repos\Graph\Debug\Graph.exe
